2014-04-29 11:10:32,469 ERROR [main] o.g.c.GeogitCLI [GeogitCLI.java:477] null
org.geogit.geotools.plumbing.GeoToolsOpException: null
	at org.geogit.geotools.plumbing.ImportOp.checkPreconditions(ImportOp.java:312) ~[geogit-geotools-0.8-SNAPSHOT.jar:0.8-SNAPSHOT]
	at org.geogit.geotools.plumbing.ImportOp.call(ImportOp.java:121) ~[geogit-geotools-0.8-SNAPSHOT.jar:0.8-SNAPSHOT]
	at org.geogit.metrics.MethodMeteredInterceptor.invoke(MethodMeteredInterceptor.java:52) ~[geogit-metrics-0.8-SNAPSHOT.jar:0.8-SNAPSHOT]
	at org.geogit.geotools.plumbing.ImportOp.call(ImportOp.java:66) ~[geogit-geotools-0.8-SNAPSHOT.jar:0.8-SNAPSHOT]
	at org.geogit.geotools.cli.porcelain.PGImport.runInternal(PGImport.java:75) ~[geogit-geotools-0.8-SNAPSHOT.jar:0.8-SNAPSHOT]
	at org.geogit.cli.AbstractCommand.run(AbstractCommand.java:60) ~[geogit-cli-0.8-SNAPSHOT.jar:0.8-SNAPSHOT]
	at org.geogit.cli.GeogitCLI.executeInternal(GeogitCLI.java:599) [geogit-cli-0.8-SNAPSHOT.jar:0.8-SNAPSHOT]
	at org.geogit.cli.GeogitCLI.execute(GeogitCLI.java:461) [geogit-cli-0.8-SNAPSHOT.jar:0.8-SNAPSHOT]
	at org.geogit.cli.GeogitCLI.main(GeogitCLI.java:320) [geogit-cli-0.8-SNAPSHOT.jar:0.8-SNAPSHOT]
2014-04-29 11:11:46,453 ERROR [main] o.g.c.GeogitCLI [GeogitCLI.java:477] null
org.geogit.api.porcelain.NothingToCommitException: Nothing to commit after 0000000000000000000000000000000000000000
	at org.geogit.api.porcelain.CommitOp.call(CommitOp.java:330) ~[geogit-core-0.8-SNAPSHOT.jar:0.8-SNAPSHOT]
	at org.geogit.di.ConflictInterceptor.invoke(ConflictInterceptor.java:25) ~[geogit-core-0.8-SNAPSHOT.jar:0.8-SNAPSHOT]
	at org.geogit.metrics.MethodMeteredInterceptor.invoke(MethodMeteredInterceptor.java:52) ~[geogit-metrics-0.8-SNAPSHOT.jar:0.8-SNAPSHOT]
	at org.geogit.api.porcelain.CommitOp.call(CommitOp.java:53) ~[geogit-core-0.8-SNAPSHOT.jar:0.8-SNAPSHOT]
	at org.geogit.cli.porcelain.Commit.runInternal(Commit.java:110) ~[geogit-cli-0.8-SNAPSHOT.jar:0.8-SNAPSHOT]
	at org.geogit.cli.AbstractCommand.run(AbstractCommand.java:60) ~[geogit-cli-0.8-SNAPSHOT.jar:0.8-SNAPSHOT]
	at org.geogit.cli.GeogitCLI.executeInternal(GeogitCLI.java:599) [geogit-cli-0.8-SNAPSHOT.jar:0.8-SNAPSHOT]
	at org.geogit.cli.GeogitCLI.execute(GeogitCLI.java:461) [geogit-cli-0.8-SNAPSHOT.jar:0.8-SNAPSHOT]
	at org.geogit.cli.GeogitCLI.main(GeogitCLI.java:320) [geogit-cli-0.8-SNAPSHOT.jar:0.8-SNAPSHOT]
