2014-01-30 19:49:57,750 WARN [main] o.g.jdbc [PostGISDialect.java:455] Failed to retrieve information about public.vulnerabilidad_estructural.geom from the geometry_columns table, checking geometry_columns instead
org.postgresql.util.PSQLException: ERROR: permission denied for relation geography_columns
	at org.postgresql.core.v3.QueryExecutorImpl.receiveErrorResponse(QueryExecutorImpl.java:2062) ~[postgresql-8.4-701.jdbc3.jar:na]
	at org.postgresql.core.v3.QueryExecutorImpl.processResults(QueryExecutorImpl.java:1795) ~[postgresql-8.4-701.jdbc3.jar:na]
	at org.postgresql.core.v3.QueryExecutorImpl.execute(QueryExecutorImpl.java:257) ~[postgresql-8.4-701.jdbc3.jar:na]
	at org.postgresql.jdbc2.AbstractJdbc2Statement.execute(AbstractJdbc2Statement.java:479) ~[postgresql-8.4-701.jdbc3.jar:na]
	at org.postgresql.jdbc2.AbstractJdbc2Statement.executeWithFlags(AbstractJdbc2Statement.java:353) ~[postgresql-8.4-701.jdbc3.jar:na]
	at org.postgresql.jdbc2.AbstractJdbc2Statement.executeQuery(AbstractJdbc2Statement.java:252) ~[postgresql-8.4-701.jdbc3.jar:na]
	at org.apache.commons.dbcp.DelegatingStatement.executeQuery(DelegatingStatement.java:208) ~[commons-dbcp-1.3.jar:1.3]
	at org.apache.commons.dbcp.DelegatingStatement.executeQuery(DelegatingStatement.java:208) ~[commons-dbcp-1.3.jar:1.3]
	at org.geotools.data.postgis.PostGISDialect.getGeometrySRID(PostGISDialect.java:449) ~[gt-jdbc-postgis-9.0.jar:na]
	at org.geotools.jdbc.JDBCFeatureSource.buildFeatureType(JDBCFeatureSource.java:306) [gt-jdbc-9.0.jar:na]
	at org.geotools.jdbc.JDBCDataStore.createFeatureSource(JDBCDataStore.java:791) [gt-jdbc-9.0.jar:na]
	at org.geotools.data.store.ContentDataStore.getFeatureSource(ContentDataStore.java:387) [gt-data-9.0.jar:na]
	at org.geotools.data.store.ContentDataStore.getFeatureSource(ContentDataStore.java:352) [gt-data-9.0.jar:na]
	at org.geotools.data.store.ContentDataStore.getSchema(ContentDataStore.java:336) [gt-data-9.0.jar:na]
	at org.geogit.geotools.plumbing.ImportOp.checkPreconditions(ImportOp.java:259) [geogit-geotools-0.7-SNAPSHOT.jar:0.7-SNAPSHOT]
	at org.geogit.geotools.plumbing.ImportOp.call(ImportOp.java:112) [geogit-geotools-0.7-SNAPSHOT.jar:0.7-SNAPSHOT]
	at org.geogit.geotools.plumbing.ImportOp$$EnhancerByGuice$$10758ebc.CGLIB$call$1(<generated>) [guice-3.0.jar:0.7-SNAPSHOT]
	at org.geogit.geotools.plumbing.ImportOp$$EnhancerByGuice$$10758ebc$$FastClassByGuice$$1f3ec54e.invoke(<generated>) [guice-3.0.jar:0.7-SNAPSHOT]
	at com.google.inject.internal.cglib.proxy.$MethodProxy.invokeSuper(MethodProxy.java:228) [guice-3.0.jar:na]
	at com.google.inject.internal.InterceptorStackCallback$InterceptedMethodInvocation.proceed(InterceptorStackCallback.java:72) [guice-3.0.jar:na]
	at org.geogit.metrics.MethodMeteredInterceptor.invoke(MethodMeteredInterceptor.java:52) [geogit-metrics-0.7-SNAPSHOT.jar:0.7-SNAPSHOT]
	at com.google.inject.internal.InterceptorStackCallback$InterceptedMethodInvocation.proceed(InterceptorStackCallback.java:72) [guice-3.0.jar:na]
	at com.google.inject.internal.InterceptorStackCallback.intercept(InterceptorStackCallback.java:52) [guice-3.0.jar:na]
	at org.geogit.geotools.plumbing.ImportOp$$EnhancerByGuice$$10758ebc.call(<generated>) [guice-3.0.jar:0.7-SNAPSHOT]
	at org.geogit.geotools.plumbing.ImportOp.call(ImportOp.java:63) [geogit-geotools-0.7-SNAPSHOT.jar:0.7-SNAPSHOT]
	at org.geogit.geotools.cli.porcelain.PGImport.runInternal(PGImport.java:73) [geogit-geotools-0.7-SNAPSHOT.jar:0.7-SNAPSHOT]
	at org.geogit.cli.AbstractCommand.run(AbstractCommand.java:59) [geogit-cli-0.7-SNAPSHOT.jar:0.7-SNAPSHOT]
	at org.geogit.cli.GeogitCLI.execute(GeogitCLI.java:497) [geogit-cli-0.7-SNAPSHOT.jar:0.7-SNAPSHOT]
	at org.geogit.cli.GeogitCLI.processCommand(GeogitCLI.java:380) [geogit-cli-0.7-SNAPSHOT.jar:0.7-SNAPSHOT]
	at org.geogit.cli.GeogitCLI.main(GeogitCLI.java:246) [geogit-cli-0.7-SNAPSHOT.jar:0.7-SNAPSHOT]
2014-01-30 19:49:58,336 INFO [main] o.g.d.c.CacheFactory [CacheFactory.java:64] Cache 'stagingdb.cache' configured with maxSize: 50000
2014-01-30 19:50:08,123 WARN [main] o.g.jdbc [PostGISDialect.java:455] Failed to retrieve information about public.incendio_forestal.geom from the geometry_columns table, checking geometry_columns instead
org.postgresql.util.PSQLException: ERROR: permission denied for relation geography_columns
	at org.postgresql.core.v3.QueryExecutorImpl.receiveErrorResponse(QueryExecutorImpl.java:2062) ~[postgresql-8.4-701.jdbc3.jar:na]
	at org.postgresql.core.v3.QueryExecutorImpl.processResults(QueryExecutorImpl.java:1795) ~[postgresql-8.4-701.jdbc3.jar:na]
	at org.postgresql.core.v3.QueryExecutorImpl.execute(QueryExecutorImpl.java:257) ~[postgresql-8.4-701.jdbc3.jar:na]
	at org.postgresql.jdbc2.AbstractJdbc2Statement.execute(AbstractJdbc2Statement.java:479) ~[postgresql-8.4-701.jdbc3.jar:na]
	at org.postgresql.jdbc2.AbstractJdbc2Statement.executeWithFlags(AbstractJdbc2Statement.java:353) ~[postgresql-8.4-701.jdbc3.jar:na]
	at org.postgresql.jdbc2.AbstractJdbc2Statement.executeQuery(AbstractJdbc2Statement.java:252) ~[postgresql-8.4-701.jdbc3.jar:na]
	at org.apache.commons.dbcp.DelegatingStatement.executeQuery(DelegatingStatement.java:208) ~[commons-dbcp-1.3.jar:1.3]
	at org.apache.commons.dbcp.DelegatingStatement.executeQuery(DelegatingStatement.java:208) ~[commons-dbcp-1.3.jar:1.3]
	at org.geotools.data.postgis.PostGISDialect.getGeometrySRID(PostGISDialect.java:449) ~[gt-jdbc-postgis-9.0.jar:na]
	at org.geotools.jdbc.JDBCFeatureSource.buildFeatureType(JDBCFeatureSource.java:306) [gt-jdbc-9.0.jar:na]
	at org.geotools.jdbc.JDBCDataStore.createFeatureSource(JDBCDataStore.java:791) [gt-jdbc-9.0.jar:na]
	at org.geotools.data.store.ContentDataStore.getFeatureSource(ContentDataStore.java:387) [gt-data-9.0.jar:na]
	at org.geotools.data.store.ContentDataStore.getFeatureSource(ContentDataStore.java:352) [gt-data-9.0.jar:na]
	at org.geotools.data.store.ContentDataStore.getSchema(ContentDataStore.java:336) [gt-data-9.0.jar:na]
	at org.geogit.geotools.plumbing.ImportOp.checkPreconditions(ImportOp.java:259) [geogit-geotools-0.7-SNAPSHOT.jar:0.7-SNAPSHOT]
	at org.geogit.geotools.plumbing.ImportOp.call(ImportOp.java:112) [geogit-geotools-0.7-SNAPSHOT.jar:0.7-SNAPSHOT]
	at org.geogit.geotools.plumbing.ImportOp$$EnhancerByGuice$$d40e774b.CGLIB$call$1(<generated>) [guice-3.0.jar:0.7-SNAPSHOT]
	at org.geogit.geotools.plumbing.ImportOp$$EnhancerByGuice$$d40e774b$$FastClassByGuice$$9b64f7f6.invoke(<generated>) [guice-3.0.jar:0.7-SNAPSHOT]
	at com.google.inject.internal.cglib.proxy.$MethodProxy.invokeSuper(MethodProxy.java:228) [guice-3.0.jar:na]
	at com.google.inject.internal.InterceptorStackCallback$InterceptedMethodInvocation.proceed(InterceptorStackCallback.java:72) [guice-3.0.jar:na]
	at org.geogit.metrics.MethodMeteredInterceptor.invoke(MethodMeteredInterceptor.java:52) [geogit-metrics-0.7-SNAPSHOT.jar:0.7-SNAPSHOT]
	at com.google.inject.internal.InterceptorStackCallback$InterceptedMethodInvocation.proceed(InterceptorStackCallback.java:72) [guice-3.0.jar:na]
	at com.google.inject.internal.InterceptorStackCallback.intercept(InterceptorStackCallback.java:52) [guice-3.0.jar:na]
	at org.geogit.geotools.plumbing.ImportOp$$EnhancerByGuice$$d40e774b.call(<generated>) [guice-3.0.jar:0.7-SNAPSHOT]
	at org.geogit.geotools.plumbing.ImportOp.call(ImportOp.java:63) [geogit-geotools-0.7-SNAPSHOT.jar:0.7-SNAPSHOT]
	at org.geogit.geotools.cli.porcelain.PGImport.runInternal(PGImport.java:73) [geogit-geotools-0.7-SNAPSHOT.jar:0.7-SNAPSHOT]
	at org.geogit.cli.AbstractCommand.run(AbstractCommand.java:59) [geogit-cli-0.7-SNAPSHOT.jar:0.7-SNAPSHOT]
	at org.geogit.cli.GeogitCLI.execute(GeogitCLI.java:497) [geogit-cli-0.7-SNAPSHOT.jar:0.7-SNAPSHOT]
	at org.geogit.cli.GeogitCLI.processCommand(GeogitCLI.java:380) [geogit-cli-0.7-SNAPSHOT.jar:0.7-SNAPSHOT]
	at org.geogit.cli.GeogitCLI.main(GeogitCLI.java:246) [geogit-cli-0.7-SNAPSHOT.jar:0.7-SNAPSHOT]
2014-01-30 19:50:08,589 INFO [main] o.g.d.c.CacheFactory [CacheFactory.java:64] Cache 'stagingdb.cache' configured with maxSize: 50000
2014-01-30 19:50:19,915 INFO [main] o.g.d.c.CacheFactory [CacheFactory.java:64] Cache 'stagingdb.cache' configured with maxSize: 50000
2014-01-30 19:50:33,682 INFO [main] o.g.d.c.CacheFactory [CacheFactory.java:64] Cache 'stagingdb.cache' configured with maxSize: 50000
2014-01-30 19:50:34,360 INFO [main] o.g.d.c.CacheFactory [CacheFactory.java:64] Cache 'objectdb.cache' configured with maxSize: 50000
2014-01-30 19:50:39,209 INFO [main] o.g.d.c.CacheFactory [CacheFactory.java:64] Cache 'stagingdb.cache' configured with maxSize: 50000
2014-01-30 19:50:44,469 INFO [main] o.g.d.c.CacheFactory [CacheFactory.java:64] Cache 'stagingdb.cache' configured with maxSize: 50000
2014-01-30 19:50:53,846 INFO [main] o.g.d.c.CacheFactory [CacheFactory.java:64] Cache 'stagingdb.cache' configured with maxSize: 50000
2014-01-30 19:50:53,889 INFO [main] o.g.d.c.CacheFactory [CacheFactory.java:64] Cache 'objectdb.cache' configured with maxSize: 50000
2014-01-30 19:51:04,582 INFO [main] o.g.d.c.CacheFactory [CacheFactory.java:64] Cache 'stagingdb.cache' configured with maxSize: 50000
2014-01-30 19:51:04,590 INFO [main] o.g.d.c.CacheFactory [CacheFactory.java:64] Cache 'objectdb.cache' configured with maxSize: 50000
2014-02-07 16:03:12,612 INFO [main] o.g.d.c.CacheFactory [CacheFactory.java:64] Cache 'stagingdb.cache' configured with maxSize: 50000
2014-02-07 16:03:12,637 INFO [main] o.g.d.c.CacheFactory [CacheFactory.java:64] Cache 'objectdb.cache' configured with maxSize: 50000
2014-02-07 16:03:18,504 INFO [main] o.g.d.c.CacheFactory [CacheFactory.java:64] Cache 'stagingdb.cache' configured with maxSize: 50000
2014-02-07 16:03:18,566 INFO [main] o.g.d.c.CacheFactory [CacheFactory.java:64] Cache 'objectdb.cache' configured with maxSize: 50000
2014-02-07 16:03:54,670 INFO [main] o.g.d.c.CacheFactory [CacheFactory.java:64] Cache 'stagingdb.cache' configured with maxSize: 50000
2014-02-07 16:03:54,680 INFO [main] o.g.d.c.CacheFactory [CacheFactory.java:64] Cache 'objectdb.cache' configured with maxSize: 50000
2014-02-07 16:04:00,048 INFO [main] o.g.d.c.CacheFactory [CacheFactory.java:64] Cache 'stagingdb.cache' configured with maxSize: 50000
2014-02-07 16:04:00,068 INFO [main] o.g.d.c.CacheFactory [CacheFactory.java:64] Cache 'objectdb.cache' configured with maxSize: 50000
